2017-10-21 17:54:24,866 - __main__ - INFO - __init__ started
2017-10-21 17:54:25,159 - __main__ - DEBUG - Setting up pins
2017-10-21 17:54:25,160 - __main__ - DEBUG - Setting up graph
2017-10-21 17:54:25,161 - __main__ - DEBUG - Setting up balls
2017-10-21 17:54:25,161 - __main__ - DEBUG - Loading preset labels
2017-10-21 17:54:25,163 - __main__ - DEBUG - preset3_command
2017-10-21 17:54:25,163 - __main__ - DEBUG - Loading preset from : preset3config.ini
2017-10-21 17:54:25,167 - __main__ - INFO - Resetting
2017-10-21 17:54:25,167 - __main__ - DEBUG - Setting up pins
2017-10-21 17:54:25,170 - __main__ - DEBUG - Setting up graph
2017-10-21 17:54:25,170 - __main__ - DEBUG - Setting up balls
2017-10-21 17:54:25,171 - __main__ - DEBUG - Preset load completed
2017-10-21 17:54:25,171 - __main__ - INFO - Resetting
2017-10-21 17:54:25,171 - __main__ - DEBUG - Setting up pins
2017-10-21 17:54:25,173 - __main__ - DEBUG - Setting up graph
2017-10-21 17:54:25,173 - __main__ - DEBUG - Setting up balls
2017-10-21 17:54:25,174 - __main__ - INFO - __init__ completed
2017-10-21 17:54:25,174 - __main__ - INFO - Executing main loop
2017-10-21 17:54:27,492 - __main__ - DEBUG - preset1_command
2017-10-21 17:54:27,493 - __main__ - DEBUG - Loading preset from : preset1config.ini
2017-10-21 17:54:27,506 - __main__ - INFO - Resetting
2017-10-21 17:54:27,506 - __main__ - DEBUG - Setting up pins
2017-10-21 17:54:27,508 - __main__ - DEBUG - Setting up graph
2017-10-21 17:54:27,509 - __main__ - DEBUG - Setting up balls
2017-10-21 17:54:27,509 - __main__ - DEBUG - Preset load completed
2017-10-21 17:54:27,509 - __main__ - INFO - Resetting
2017-10-21 17:54:27,509 - __main__ - DEBUG - Setting up pins
2017-10-21 17:54:27,511 - __main__ - DEBUG - Setting up graph
2017-10-21 17:54:27,511 - __main__ - DEBUG - Setting up balls
2017-10-21 17:55:11,558 - __main__ - INFO - Cleanup
